Построение начато 08.11.2013 3:29:21.
     1>Проект "C:\study\3 семестр\programming\suffMass\suffixMassive\suffixMassive\suffixMassive.vcxproj" в узле 2 (целевые объекты build).
     1>PrepareForBuild:
         Создание каталога "C:\study\3 семестр\programming\suffMass\suffixMassive\Release\".
       InitializeBuildStatus:
         Создание "Release\suffixMassive.unsuccessfulbuild", так как было задано "AlwaysCreate".
       ClCompile:
         C:\Program Files (x86)\Microsoft Visual Studio 10.0\VC\bin\CL.exe /c /Zi /nologo /W3 /WX- /O2 /Oi /Oy- /GL /D _MBCS /Gm- /EHsc /MD /GS /Gy /fp:precise /Zc:wchar_t /Zc:forScope /Fo"Release\\" /Fd"Release\vc100.pdb" /Gd /TP /analyze- /errorReport:prompt main.cpp
         main.cpp
     1>main.cpp(11): warning C4018: <: несоответствие типов со знаком и без знака
     1>main.cpp(17): warning C4018: <: несоответствие типов со знаком и без знака
     1>main.cpp(23): warning C4018: <: несоответствие типов со знаком и без знака
     1>main.cpp(67): warning C4018: <: несоответствие типов со знаком и без знака
     1>main.cpp(69): warning C4018: <: несоответствие типов со знаком и без знака
     1>main.cpp(81): warning C4018: <: несоответствие типов со знаком и без знака
     1>main.cpp(81): warning C4018: <: несоответствие типов со знаком и без знака
     1>main.cpp(88): warning C4018: >=: несоответствие типов со знаком и без знака
     1>main.cpp(88): warning C4018: >=: несоответствие типов со знаком и без знака
     1>main.cpp(108): warning C4018: <: несоответствие типов со знаком и без знака
       Link:
         C:\Program Files (x86)\Microsoft Visual Studio 10.0\VC\bin\link.exe /ERRORREPORT:PROMPT /OUT:"C:\study\3 семестр\programming\suffMass\suffixMassive\Release\suffixMassive.exe" /NOLOGO kernel32.lib user32.lib gdi32.lib winspool.lib comdlg32.lib advapi32.lib shell32.lib ole32.lib oleaut32.lib uuid.lib odbc32.lib odbccp32.lib /MANIFEST /ManifestFile:"Release\suffixMassive.exe.intermediate.manifest" /MANIFESTUAC:"level='asInvoker' uiAccess='false'" /DEBUG /PDB:"C:\study\3 семестр\programming\suffMass\suffixMassive\Release\suffixMassive.pdb" /OPT:REF /OPT:ICF /LTCG /TLBID:1 /DYNAMICBASE /NXCOMPAT /IMPLIB:"C:\study\3 семестр\programming\suffMass\suffixMassive\Release\suffixMassive.lib" /MACHINE:X86 Release\main.obj
         Создание кода
         Создание кода завершено
         suffixMassive.vcxproj -> C:\study\3 семестр\programming\suffMass\suffixMassive\Release\suffixMassive.exe
       Manifest:
         C:\Program Files (x86)\Microsoft SDKs\Windows\v7.0A\bin\mt.exe /nologo /verbose /outputresource:"C:\study\3 семестр\programming\suffMass\suffixMassive\Release\suffixMassive.exe;#1" /manifest Release\suffixMassive.exe.intermediate.manifest
       FinalizeBuildStatus:
         Файл "Release\suffixMassive.unsuccessfulbuild" удаляется.
         Обращение к "Release\suffixMassive.lastbuildstate".
     1>Построение проекта "C:\study\3 семестр\programming\suffMass\suffixMassive\suffixMassive\suffixMassive.vcxproj" завершено (целевые объекты build).

Построение успешно завершено.

Затраченное время: 00:00:01.98
