Построение начато 08.11.2013 16:35:02.
     1>Проект "C:\study\3 семестр\programming\game\game\game.vcxproj" в узле 2 (целевые объекты build).
     1>InitializeBuildStatus:
         Создание "Debug\game.unsuccessfulbuild", так как было задано "AlwaysCreate".
       ClCompile:
         C:\Program Files (x86)\Microsoft Visual Studio 10.0\VC\bin\CL.exe /c /ZI /nologo /W3 /WX- /Od /Oy- /D _MBCS /Gm /EHsc /RTC1 /MDd /GS /fp:precise /Zc:wchar_t /Zc:forScope /Fo"Debug\\" /Fd"Debug\vc100.pdb" /Gd /TP /analyze- /errorReport:prompt main.cpp
         main.cpp
     1>c:\study\3 семестр\programming\game\game\main.cpp(25): warning C4018: <: несоответствие типов со знаком и без знака
       Link:
         C:\Program Files (x86)\Microsoft Visual Studio 10.0\VC\bin\link.exe /ERRORREPORT:PROMPT /OUT:"C:\study\3 семестр\programming\game\Debug\game.exe" /NOLOGO kernel32.lib user32.lib gdi32.lib winspool.lib comdlg32.lib advapi32.lib shell32.lib ole32.lib oleaut32.lib uuid.lib odbc32.lib odbccp32.lib /MANIFEST /ManifestFile:"Debug\game.exe.intermediate.manifest" /MANIFESTUAC:"level='asInvoker' uiAccess='false'" /DEBUG /PDB:"C:\study\3 семестр\programming\game\Debug\game.pdb" /TLBID:1 /DYNAMICBASE /NXCOMPAT /IMPLIB:"C:\study\3 семестр\programming\game\Debug\game.lib" /MACHINE:X86 Debug\main.obj
         LINK : не найден или не выполнена сборка C:\study\3 семестр\programming\game\Debug\game.exe при последней инкрементной компоновке; выполняется полная компоновка
         game.vcxproj -> C:\study\3 семестр\programming\game\Debug\game.exe
       Manifest:
         C:\Program Files (x86)\Microsoft SDKs\Windows\v7.0A\bin\mt.exe /nologo /verbose /outputresource:"C:\study\3 семестр\programming\game\Debug\game.exe;#1" /manifest Debug\game.exe.intermediate.manifest
       FinalizeBuildStatus:
         Файл "Debug\game.unsuccessfulbuild" удаляется.
         Обращение к "Debug\game.lastbuildstate".
     1>Построение проекта "C:\study\3 семестр\programming\game\game\game.vcxproj" завершено (целевые объекты build).

Построение успешно завершено.

Затраченное время: 00:00:01.62
